<?xml version="1.0" encoding="UTF-8"?>
<testsuite xmlns:xsi="http://www.w3.org/2001/XMLSchema-instance" xsi:noNamespaceSchemaLocation="https://maven.apache.org/surefire/maven-surefire-plugin/xsd/surefire-test-report.xsd" name="br.unifei.imc.AppTest" time="0.124" tests="22" errors="0" skipped="0" failures="0">
  <properties>
[...]
</properties>
  <testcase name="casoTeste1" classname="br.unifei.imc.AppTest" time="0.007"/>
  <testcase name="casoTeste2" classname="br.unifei.imc.AppTest" time="0"/>
  <testcase name="casoTeste3" classname="br.unifei.imc.AppTest" time="0"/>
  <testcase name="casoTeste4" classname="br.unifei.imc.AppTest" time="0"/>
  <testcase name="casoTeste5" classname="br.unifei.imc.AppTest" time="0.001"/>
  <testcase name="casoTeste6" classname="br.unifei.imc.AppTest" time="0"/>
  <testcase name="casoTeste7" classname="br.unifei.imc.AppTest" time="0"/>
  <testcase name="casoTeste8" classname="br.unifei.imc.AppTest" time="0"/>
  <testcase name="casoTeste9" classname="br.unifei.imc.AppTest" time="0"/>
  <testcase name="casoTeste10" classname="br.unifei.imc.AppTest" time="0"/>
  <testcase name="casoTeste11" classname="br.unifei.imc.AppTest" time="0"/>
  <testcase name="casoTeste12" classname="br.unifei.imc.AppTest" time="0"/>
  <testcase name="casoTeste13" classname="br.unifei.imc.AppTest" time="0"/>
  <testcase name="casoTeste14" classname="br.unifei.imc.AppTest" time="0.002"/>
  <testcase name="casoTeste15" classname="br.unifei.imc.AppTest" time="0"/>
  <testcase name="casoTeste16" classname="br.unifei.imc.AppTest" time="0.001"/>
  <testcase name="casoTeste17" classname="br.unifei.imc.AppTest" time="0.001"/>
  <testcase name="casoTeste18" classname="br.unifei.imc.AppTest" time="0"/>
  <testcase name="casoTeste19" classname="br.unifei.imc.AppTest" time="0"/>
  <testcase name="casoTeste20" classname="br.unifei.imc.AppTest" time="0"/>
  <testcase name="casoTeste21" classname="br.unifei.imc.AppTest" time="0.001"/>
  <testcase name="casoTeste22" classname="br.unifei.imc.AppTest" time="0"/>
</testsuite>